C51 COMPILER V9.56.0.0   MAIN                                                              06/04/2017 14:09:30 PAGE 1   


C51 COMPILER V9.56.0.0, COMPILATION OF MODULE MAIN
OBJECT MODULE PLACED IN .\Objects\main.obj
COMPILER INVOKED BY: C:\Program Files (x86)\Keil_C51\C51\BIN\C51.EXE main.c OPTIMIZE(8,SPEED) BROWSE DEBUG OBJECTEXTEND 
                    -PRINT(.\Listings\main.lst) TABS(2) OBJECT(.\Objects\main.obj)

line level    source

   1          #include < reg52.h >
   2          #include <intrins.h>
   3          
   4          typedef unsigned char uchar;  
   5          typedef unsigned int uint;
   6          
   7          #define NUM P0
   8          
   9          int mode;//定义模式
  10          
  11          
  12          unsigned int set_ns_time = 20;
  13          unsigned int set_we_time = 12;
  14          unsigned int time;
  15          unsigned int temp_time = 0;
  16          
  17          sbit num_ns_L = P1^1;
  18          sbit num_ns_R = P1^2;
  19          sbit num_we_L = P1^3;
  20          sbit num_we_R = P1^4;
  21          
  22          sbit led = P1^0;
  23          
  24          sbit ns_RED = P2^5;
  25          sbit ns_YELLOW = P2^4;
  26          sbit ns_GREEN = P2^3;
  27          sbit we_RED = P2^2;
  28          sbit we_YELLOW = P2^1;
  29          sbit we_GREEN = P2^0;
  30          
  31          sbit reset_key = P3^3;
  32          sbit night_key = P3^4;
  33          sbit urgent_key = P3^5;
  34          sbit ns_key = P3^6;
  35          sbit we_key = P3^7;
  36          sbit confirm_key = P3^2;
  37          sbit add_key = P1^7;
  38          sbit sub_key = P1^6;
  39          sbit change_key = P1^5;
  40          
  41          char  Show_Num[] = {
  42            0xED,     //数字0
  43            0x81,     //数字1
  44            0x6B,     //数字2
  45            0xAB,     //数字3
  46            0x87,     //数字4
  47            0xAE,     //数字5
  48            0xEE,     //数字6
  49            0x89,     //数字7
  50            0xEF,     //数字8
  51            0xAF      //数字9
  52          };
  53          void Delay10ms()    //@12.000MHz  改为20 s
  54          {
C51 COMPILER V9.56.0.0   MAIN                                                              06/04/2017 14:09:30 PAGE 2   

  55   1        unsigned char i, j;
  56   1      
  57   1        i = 40;
  58   1        j = 113;
  59   1        do
  60   1        {
  61   2          while (--j);
  62   2        } while (--i);
  63   1      }
  64          
  65          //定时器初始化
  66          void system_Init()
  67          {
  68   1        TMOD=0x01; 
  69   1        TH0=(65535 - 50000) / 256; 
  70   1        TL0=(65535 - 50000) % 256;
  71   1        TR0=1; 
  72   1        ET0=1; 
  73   1        EA=1; 
  74   1      }
  75          //按键初始化
  76          void key_init()
  77          {
  78   1        reset_key = 1;
  79   1        night_key = 1;
  80   1        urgent_key = 1;
  81   1        ns_key = 1;
  82   1        we_key = 1;
  83   1        confirm_key = 1;
  84   1        add_key = 1;
  85   1        sub_key = 1;
  86   1        change_key = 1;
  87   1      }
  88          
  89          //按键扫描
  90          int key_scan()
  91          {
  92   1        if(reset_key == 0) 
  93   1        {
  94   2          Delay10ms();
  95   2          if(reset_key == 0)
  96   2          {
  97   3            while(!reset_key);
  98   3            return 1;
  99   3          }
 100   2        }
 101   1        else if(night_key == 0) 
 102   1        {
 103   2          Delay10ms();
 104   2          if(night_key == 0)
 105   2          {
 106   3            while(!night_key);
 107   3            return 2;
 108   3          }     
 109   2        }
 110   1        else if(urgent_key == 0) 
 111   1        {
 112   2          Delay10ms();
 113   2          if(urgent_key == 0)
 114   2          {
 115   3            while(!urgent_key);
 116   3            return 3;
C51 COMPILER V9.56.0.0   MAIN                                                              06/04/2017 14:09:30 PAGE 3   

 117   3          }
 118   2      //    else 
 119   2      //      return 0;
 120   2        }
 121   1        else if(ns_key == 0)
 122   1        {
 123   2          Delay10ms();
 124   2          if(ns_key == 0)
 125   2          {
 126   3            while(!ns_key);
 127   3            return 4;
 128   3          }
 129   2      //    else 
 130   2      //      return 0;
 131   2        }   
 132   1        else if(we_key == 0)
 133   1        {
 134   2          Delay10ms();
 135   2          if(we_key == 0)
 136   2          {
 137   3            while(!we_key);
 138   3            return 5;
 139   3          }
 140   2      //    else 
 141   2      //      return 0;
 142   2        }   
 143   1        else if(confirm_key == 0)
 144   1        {
 145   2          Delay10ms();
 146   2          if(confirm_key == 0)
 147   2          {
 148   3            while(!confirm_key);
 149   3            return 6;
 150   3          }
 151   2      //    else 
 152   2      //      return 0;
 153   2        } 
 154   1        else if(add_key == 0) 
 155   1        {
 156   2          Delay10ms();
 157   2          if(add_key == 0)
 158   2          {
 159   3            while(!add_key);
 160   3            return 7;
 161   3          }
 162   2        }
 163   1        else if(sub_key == 0) 
 164   1        {
 165   2          Delay10ms();
 166   2          if(sub_key == 0)
 167   2          {
 168   3            while(!sub_key);
 169   3            return 8;
 170   3          }
 171   2      //    else 
 172   2      //      return 0;
 173   2        }
 174   1        else if(change_key == 0) 
 175   1        {
 176   2          Delay10ms();
 177   2          if(change_key == 0)
 178   2          {
C51 COMPILER V9.56.0.0   MAIN                                                              06/04/2017 14:09:30 PAGE 4   

 179   3            while(!change_key);
 180   3            return 9;
 181   3          }
 182   2      //    else 
 183   2      //      return 0;
 184   2        }
 185   1        else return 0;
 186   1      }
 187          //显示每一位的数值
 188          void show_num(int num1,int num2,int en1,int en2)
 189          {
 190   1        int i,j,k,h;
 191   1        i = (int)num1/10;
 192   1        j = (int)num1%10;
 193   1        k = (int)num2/10;
 194   1        h = (int)num2%10;
 195   1        if(en1)
 196   1        {
 197   2          if(i!=0)
 198   2          {   
 199   3            num_ns_L = 1;
 200   3            num_ns_R = 1;
 201   3            num_we_L = 1;
 202   3            num_we_R = 1;
 203   3      
 204   3            NUM = Show_Num[i];
 205   3            num_ns_L = 0;
 206   3            num_ns_R = 1;
 207   3            num_we_L = 1;
 208   3            num_we_R = 1; 
 209   3          }
 210   2          num_ns_L = 1;
 211   2          num_ns_R = 1;
 212   2          num_we_L = 1;
 213   2          num_we_R = 1;   
 214   2          NUM = Show_Num[j];
 215   2          num_ns_L = 1;
 216   2          num_ns_R = 0;
 217   2          num_we_L = 1;
 218   2          num_we_R = 1; 
 219   2          
 220   2          num_ns_L = 1;
 221   2          num_ns_R = 1;
 222   2          num_we_L = 1;
 223   2          num_we_R = 1;
 224   2        }
 225   1        else 
 226   1        {
 227   2          num_ns_L = 1;
 228   2          num_ns_R = 1;
 229   2          num_we_L = 1;
 230   2          num_we_R = 1; 
 231   2        }
 232   1        if(en2)
 233   1        {
 234   2          if(k!=0)
 235   2          {
 236   3            num_ns_L = 1;
 237   3            num_ns_R = 1;
 238   3            num_we_L = 1;
 239   3            num_we_R = 1; 
 240   3            NUM = Show_Num[k];    
C51 COMPILER V9.56.0.0   MAIN                                                              06/04/2017 14:09:30 PAGE 5   

 241   3            num_ns_L = 1;
 242   3            num_ns_R = 1;
 243   3            num_we_L = 0;
 244   3            num_we_R = 1;   
 245   3          }
 246   2          num_ns_L = 1;
 247   2          num_ns_R = 1;
 248   2          num_we_L = 1;
 249   2          num_we_R = 1;
 250   2          NUM = Show_Num[h];    
 251   2          num_ns_L = 1;
 252   2          num_ns_R = 1;
 253   2          num_we_L = 1;
 254   2          num_we_R = 0;   
 255   2      
 256   2          num_ns_L = 1;
 257   2          num_ns_R = 1;
 258   2          num_we_L = 1;
 259   2          num_we_R = 1;
 260   2        }   
 261   1        else 
 262   1        {
 263   2          num_ns_L = 1;
 264   2          num_ns_R = 1;
 265   2          num_we_L = 1;
 266   2          num_we_R = 1; 
 267   2        }
 268   1      }
 269          //模式一:白天正常
 270          void mode_one()
 271          {
 272   1        if(time <= 0) time = set_ns_time + set_we_time;
 273   1        if(time <= set_ns_time + set_we_time && time >= set_we_time+4)
 274   1        {
 275   2          ns_RED = 1;
 276   2          ns_YELLOW = 1;
 277   2          ns_GREEN = 0;
 278   2          we_RED = 0;
 279   2          we_YELLOW = 1;
 280   2          we_GREEN = 1;
 281   2          show_num((time-set_we_time),(time-set_we_time),1,1);
 282   2        }
 283   1        else if(time <= set_we_time+4 && time >= set_we_time)
 284   1        {
 285   2          ns_RED = 1;
 286   2          if(time%2 == 0)
 287   2            ns_YELLOW = 1;
 288   2          else if(time%2 == 1)
 289   2            ns_YELLOW = 0;
 290   2          ns_GREEN = 1;
 291   2          we_RED = 0;
 292   2          we_YELLOW = 1;
 293   2          we_GREEN = 1;
 294   2          show_num((time-set_we_time),(time-set_we_time),1,1);
 295   2      
 296   2        }
 297   1        else if(time <= set_we_time && time >= 4)
 298   1        {
 299   2          ns_RED = 0;
 300   2          ns_YELLOW = 1;
 301   2          ns_GREEN = 1;
 302   2          we_RED = 1;
C51 COMPILER V9.56.0.0   MAIN                                                              06/04/2017 14:09:30 PAGE 6   

 303   2          we_YELLOW = 1;
 304   2          we_GREEN = 0;
 305   2          show_num(time,time,1,1);
 306   2      
 307   2        }
 308   1        else if(time <= 4 && time >= 0)
 309   1        {
 310   2          ns_RED = 0;
 311   2          ns_YELLOW = 1;
 312   2          ns_GREEN = 1;
 313   2          we_RED = 1;
 314   2          if(time%2 == 0)
 315   2            we_YELLOW = 1;
 316   2          else if(time%2 == 1)
 317   2            we_YELLOW = 0;
 318   2          we_GREEN = 1;
 319   2          show_num(time,time,1,1);
 320   2      
 321   2        }
 322   1      }
 323          //模式二：夜间模式
 324          void mode_two()
 325          {
 326   1        ns_RED = 1;
 327   1        ns_GREEN = 1;
 328   1        we_RED = 1; 
 329   1        we_GREEN = 1;
 330   1        if(time%2 == 0)
 331   1        {
 332   2          we_YELLOW = 1;
 333   2          ns_YELLOW = 1;
 334   2        }
 335   1        else if(time%2 == 1)
 336   1        {
 337   2          we_YELLOW = 0;
 338   2          ns_YELLOW = 0;
 339   2        }
 340   1        show_num(0,0,0,0);
 341   1      
 342   1      }
 343          //模式三：紧急模式
 344          void mode_three()
 345          {
 346   1        ns_RED = 0;
 347   1        ns_YELLOW = 1;
 348   1        ns_GREEN = 1;
 349   1        we_RED = 0;
 350   1        we_YELLOW = 1;
 351   1        we_GREEN = 1;
 352   1        show_num(0,0,0,0);
 353   1      } 
 354          //模式四：南北通行
 355          void mode_four()
 356          {
 357   1      //  flag = 0;
 358   1        ns_RED = 1;
 359   1        ns_YELLOW = 1;
 360   1        ns_GREEN = 0;
 361   1        we_RED = 0;
 362   1        we_YELLOW = 1;
 363   1        we_GREEN = 1;
 364   1        show_num(0,0,0,0);
C51 COMPILER V9.56.0.0   MAIN                                                              06/04/2017 14:09:30 PAGE 7   

 365   1      }
 366          //模式五：东西通行
 367          void mode_five()
 368          {
 369   1        ns_RED = 0;
 370   1        ns_YELLOW = 1;
 371   1        ns_GREEN = 1;
 372   1        we_RED = 1;
 373   1        we_YELLOW = 1;
 374   1        we_GREEN = 0;
 375   1        show_num(0,0,0,0);
 376   1      }
 377          //模式六：南北调整时间
 378          void mode_six()
 379          {
 380   1        int i;
 381   1        ns_RED = 1;
 382   1        ns_YELLOW = 1;
 383   1        ns_GREEN = 1;
 384   1        we_RED = 1;
 385   1        we_YELLOW = 1;
 386   1        we_GREEN = 1;
 387   1        while(1)
 388   1        {
 389   2          i = key_scan();
 390   2          if (i == 6) 
 391   2          {
 392   3            time = set_ns_time + set_we_time;
 393   3            mode = 1;     
 394   3            break;
 395   3          }
 396   2          else if(i == 9) 
 397   2          {
 398   3            mode = 8;
 399   3            break;
 400   3          }
 401   2          else if(i == 7) 
 402   2          {
 403   3            set_ns_time++;
 404   3          }
 405   2          else if(i == 8) 
 406   2          {
 407   3            set_ns_time--;
 408   3          }
 409   2          else if(i == 0)
 410   2          {
 411   3            show_num(set_ns_time,0,1,0);
 412   3          }
 413   2        }
 414   1      }
 415          //模式七：东西调整时间
 416          void mode_seven()
 417          {
 418   1        int i;
 419   1        ns_RED = 1;
 420   1        ns_YELLOW = 1;
 421   1        ns_GREEN = 1;
 422   1        we_RED = 1;
 423   1        we_YELLOW = 1;
 424   1        we_GREEN = 1;
 425   1        while(1)
 426   1        {
C51 COMPILER V9.56.0.0   MAIN                                                              06/04/2017 14:09:30 PAGE 8   

 427   2          i = key_scan();
 428   2          if (i == 6) 
 429   2          {
 430   3            time = set_ns_time + set_we_time;
 431   3            mode = 1;     
 432   3            break;
 433   3          }
 434   2          else if(i == 9) 
 435   2          {
 436   3            mode = 7;
 437   3            break;
 438   3          }
 439   2          else if(i == 7) 
 440   2          {
 441   3            set_we_time++;
 442   3          }
 443   2          else if(i == 8) 
 444   2          {
 445   3            set_we_time--;
 446   3          }
 447   2          else if(i == 0)
 448   2          {
 449   3            show_num(0,set_we_time,0,1);
 450   3          }
 451   2        }
 452   1      
 453   1      }
 454          void main()
 455          {
 456   1        int key;
 457   1        int i,j;
 458   1        system_Init();
 459   1        key_init();
 460   1        mode = 1;
 461   1        while(1)
 462   1        {
 463   2          key = key_scan();
 464   2          
 465   2          
 466   2          if(key == 0)
 467   2          {
 468   3            //mode = 1;
 469   3      //      mode_one();
 470   3          }
 471   2          else if(key == 1)
 472   2          {
 473   3            time = set_ns_time + set_we_time;
 474   3            mode = 1;
 475   3          }
 476   2          else if (key == 2)
 477   2          {
 478   3            mode = 2;
 479   3          }
 480   2          else if (key == 3)
 481   2          {
 482   3            mode =3;
 483   3          }
 484   2          else if(key == 4)
 485   2          {
 486   3            mode =4;
 487   3          }
 488   2          else if(key == 5)
C51 COMPILER V9.56.0.0   MAIN                                                              06/04/2017 14:09:30 PAGE 9   

 489   2          {
 490   3            mode = 5;
 491   3          }
 492   2          else if(key == 7)
 493   2          {
 494   3            mode = 7;
 495   3          }
 496   2          else if(key ==8)
 497   2          {
 498   3            mode = 8;
 499   3          }
 500   2      
 501   2          
 502   2          
 503   2          if(mode == 1)
 504   2          {
 505   3            mode_one();
 506   3          }
 507   2          else if(mode == 2)
 508   2          {
 509   3            mode_two();
 510   3          }
 511   2          else if(mode == 3)
 512   2          {
 513   3            mode_three();
 514   3          }
 515   2          else if(mode == 4)
 516   2          {
 517   3            mode_four();
 518   3          }
 519   2          else if(mode == 5)
 520   2          {
 521   3            mode_five();
 522   3          }
 523   2          else if(mode ==7)
 524   2          {
 525   3            mode_six();
 526   3          }
 527   2          else if(mode == 8)
 528   2          {
 529   3            mode_seven();
 530   3          }
 531   2      //    mode_one();
 532   2        }
 533   1      
 534   1      
 535   1      //led =0;
 536   1      }
*** WARNING C280 IN LINE 457 OF main.c: 'i': unreferenced local variable
*** WARNING C280 IN LINE 457 OF main.c: 'j': unreferenced local variable
 537          
 538          
 539          void timer0() interrupt 1 
 540          {
 541   1        TH0=(65535 - 50000) / 256; 
 542   1        TL0=(65535 - 50000) % 256;
 543   1        temp_time++;      
 544   1        led=~led;
 545   1        if(temp_time >= 20)
 546   1        {
 547   2          time--;
 548   2          temp_time = 0;    
C51 COMPILER V9.56.0.0   MAIN                                                              06/04/2017 14:09:30 PAGE 10  

 549   2        }
 550   1      }
*** WARNING C291 IN LINE 186 OF main.c: not every exit path returns a value


MODULE INFORMATION:   STATIC OVERLAYABLE
   CODE SIZE        =   1284    ----
   CONSTANT SIZE    =   ----    ----
   XDATA SIZE       =   ----    ----
   PDATA SIZE       =   ----    ----
   DATA SIZE        =     20      16
   IDATA SIZE       =   ----    ----
   BIT SIZE         =   ----    ----
END OF MODULE INFORMATION.


C51 COMPILATION COMPLETE.  3 WARNING(S),  0 ERROR(S)
